[0.022s] Invoking command in '/home/vfran/nav_ws/build/sam_bot_description': CMAKE_PREFIX_PATH=${CMAKE_PREFIX_PATH}:/opt/ros/humble /usr/local/bin/cmake --build /home/vfran/nav_ws/build/sam_bot_description -- -j16 -l16
[0.044s] -- Found ament_cmake: 1.3.10 (/opt/ros/humble/share/ament_cmake/cmake)
[0.170s] -- Found ament_lint_auto: 0.12.11 (/opt/ros/humble/share/ament_lint_auto/cmake)
[0.268s] -- Added test 'flake8' to check Python code syntax and style conventions
[0.268s] -- Added test 'lint_cmake' to check CMake code style
[0.269s] -- Added test 'pep257' to check Python code against some of the docstring style conventions in PEP 257
[0.270s] -- Added test 'xmllint' to check XML markup files
[0.271s] -- Configuring done
[0.276s] -- Generating done
[0.277s] -- Build files have been written to: /home/vfran/nav_ws/build/sam_bot_description
[0.298s] Invoked command in '/home/vfran/nav_ws/build/sam_bot_description' returned '0': CMAKE_PREFIX_PATH=${CMAKE_PREFIX_PATH}:/opt/ros/humble /usr/local/bin/cmake --build /home/vfran/nav_ws/build/sam_bot_description -- -j16 -l16
[0.339s] Invoking command in '/home/vfran/nav_ws/build/sam_bot_description': CMAKE_PREFIX_PATH=${CMAKE_PREFIX_PATH}:/opt/ros/humble /usr/local/bin/cmake --install /home/vfran/nav_ws/build/sam_bot_description
[0.344s] -- Install configuration: ""
[0.344s] -- Up-to-date: /home/vfran/nav_ws/install/sam_bot_description/share/sam_bot_description/src
[0.344s] -- Up-to-date: /home/vfran/nav_ws/install/sam_bot_description/share/sam_bot_description/src/description
[0.344s] -- Installing: /home/vfran/nav_ws/install/sam_bot_description/share/sam_bot_description/src/description/sam_bot_description.urdf
[0.345s] -- Up-to-date: /home/vfran/nav_ws/install/sam_bot_description/share/sam_bot_description/launch
[0.345s] -- Installing: /home/vfran/nav_ws/install/sam_bot_description/share/sam_bot_description/launch/display.launch.py
[0.345s] -- Up-to-date: /home/vfran/nav_ws/install/sam_bot_description/share/sam_bot_description/rviz
[0.345s] -- Up-to-date: /home/vfran/nav_ws/install/sam_bot_description/share/sam_bot_description/rviz/urdf_config.rviz
[0.345s] -- Installing: /home/vfran/nav_ws/install/sam_bot_description/share/ament_index/resource_index/package_run_dependencies/sam_bot_description
[0.345s] -- Installing: /home/vfran/nav_ws/install/sam_bot_description/share/ament_index/resource_index/parent_prefix_path/sam_bot_description
[0.346s] -- Up-to-date: /home/vfran/nav_ws/install/sam_bot_description/share/sam_bot_description/environment/ament_prefix_path.sh
[0.346s] -- Installing: /home/vfran/nav_ws/install/sam_bot_description/share/sam_bot_description/environment/ament_prefix_path.dsv
[0.346s] -- Up-to-date: /home/vfran/nav_ws/install/sam_bot_description/share/sam_bot_description/environment/path.sh
[0.346s] -- Installing: /home/vfran/nav_ws/install/sam_bot_description/share/sam_bot_description/environment/path.dsv
[0.346s] -- Up-to-date: /home/vfran/nav_ws/install/sam_bot_description/share/sam_bot_description/local_setup.bash
[0.346s] -- Up-to-date: /home/vfran/nav_ws/install/sam_bot_description/share/sam_bot_description/local_setup.sh
[0.346s] -- Up-to-date: /home/vfran/nav_ws/install/sam_bot_description/share/sam_bot_description/local_setup.zsh
[0.346s] -- Installing: /home/vfran/nav_ws/install/sam_bot_description/share/sam_bot_description/local_setup.dsv
[0.346s] -- Installing: /home/vfran/nav_ws/install/sam_bot_description/share/sam_bot_description/package.dsv
[0.346s] -- Up-to-date: /home/vfran/nav_ws/install/sam_bot_description/share/ament_index/resource_index/packages/sam_bot_description
[0.346s] -- Up-to-date: /home/vfran/nav_ws/install/sam_bot_description/share/sam_bot_description/cmake/sam_bot_descriptionConfig.cmake
[0.347s] -- Up-to-date: /home/vfran/nav_ws/install/sam_bot_description/share/sam_bot_description/cmake/sam_bot_descriptionConfig-version.cmake
[0.347s] -- Installing: /home/vfran/nav_ws/install/sam_bot_description/share/sam_bot_description/package.xml
[0.350s] Invoked command in '/home/vfran/nav_ws/build/sam_bot_description' returned '0': CMAKE_PREFIX_PATH=${CMAKE_PREFIX_PATH}:/opt/ros/humble /usr/local/bin/cmake --install /home/vfran/nav_ws/build/sam_bot_description
