[0.020s] Invoking command in '/home/vfran/nav_ws/build/sam_bot_description': CMAKE_PREFIX_PATH=${CMAKE_PREFIX_PATH}:/opt/ros/humble /usr/local/bin/cmake --build /home/vfran/nav_ws/build/sam_bot_description -- -j16 -l16
[0.045s] -- Found ament_cmake: 1.3.10 (/opt/ros/humble/share/ament_cmake/cmake)
[0.182s] -- Found ament_lint_auto: 0.12.11 (/opt/ros/humble/share/ament_lint_auto/cmake)
[0.303s] -- Added test 'flake8' to check Python code syntax and style conventions
[0.304s] -- Added test 'lint_cmake' to check CMake code style
[0.305s] -- Added test 'pep257' to check Python code against some of the docstring style conventions in PEP 257
[0.307s] -- Added test 'xmllint' to check XML markup files
[0.308s] -- Configuring done
[0.315s] -- Generating done
[0.317s] -- Build files have been written to: /home/vfran/nav_ws/build/sam_bot_description
[0.340s] Invoked command in '/home/vfran/nav_ws/build/sam_bot_description' returned '0': CMAKE_PREFIX_PATH=${CMAKE_PREFIX_PATH}:/opt/ros/humble /usr/local/bin/cmake --build /home/vfran/nav_ws/build/sam_bot_description -- -j16 -l16
[0.385s] Invoking command in '/home/vfran/nav_ws/build/sam_bot_description': CMAKE_PREFIX_PATH=${CMAKE_PREFIX_PATH}:/opt/ros/humble /usr/local/bin/cmake --install /home/vfran/nav_ws/build/sam_bot_description
[0.389s] -- Install configuration: ""
[0.389s] -- Installing: /home/vfran/nav_ws/install/sam_bot_description/share/sam_bot_description/description
[0.390s] -- Installing: /home/vfran/nav_ws/install/sam_bot_description/share/sam_bot_description/description/inertial_macros.xacro
[0.390s] -- Installing: /home/vfran/nav_ws/install/sam_bot_description/share/sam_bot_description/description/gazebo_control.xacro
[0.390s] -- Installing: /home/vfran/nav_ws/install/sam_bot_description/share/sam_bot_description/description/sam_bot_description.urdf
[0.390s] -- Installing: /home/vfran/nav_ws/install/sam_bot_description/share/sam_bot_description/description/robot.urdf.xacro
[0.390s] -- Installing: /home/vfran/nav_ws/install/sam_bot_description/share/sam_bot_description/description/camera.xacro
[0.390s] -- Installing: /home/vfran/nav_ws/install/sam_bot_description/share/sam_bot_description/description/lidar.xacro
[0.391s] -- Installing: /home/vfran/nav_ws/install/sam_bot_description/share/sam_bot_description/description/robot_core.xacro
[0.391s] -- Up-to-date: /home/vfran/nav_ws/install/sam_bot_description/share/sam_bot_description/launch
[0.391s] -- Installing: /home/vfran/nav_ws/install/sam_bot_description/share/sam_bot_description/launch/display.launch.py
[0.391s] -- Up-to-date: /home/vfran/nav_ws/install/sam_bot_description/share/sam_bot_description/rviz
[0.391s] -- Up-to-date: /home/vfran/nav_ws/install/sam_bot_description/share/sam_bot_description/rviz/urdf_config.rviz
[0.391s] -- Up-to-date: /home/vfran/nav_ws/install/sam_bot_description/share/sam_bot_description/config
[0.391s] -- Up-to-date: /home/vfran/nav_ws/install/sam_bot_description/share/sam_bot_description/config/nav2_params.yaml
[0.391s] -- Up-to-date: /home/vfran/nav_ws/install/sam_bot_description/share/sam_bot_description/config/ekf.yaml
[0.392s] -- Up-to-date: /home/vfran/nav_ws/install/sam_bot_description/share/sam_bot_description/world
[0.392s] -- Up-to-date: /home/vfran/nav_ws/install/sam_bot_description/share/sam_bot_description/world/my_world.sdf
[0.392s] -- Up-to-date: /home/vfran/nav_ws/install/sam_bot_description/share/ament_index/resource_index/package_run_dependencies/sam_bot_description
[0.392s] -- Up-to-date: /home/vfran/nav_ws/install/sam_bot_description/share/ament_index/resource_index/parent_prefix_path/sam_bot_description
[0.392s] -- Up-to-date: /home/vfran/nav_ws/install/sam_bot_description/share/sam_bot_description/environment/ament_prefix_path.sh
[0.392s] -- Installing: /home/vfran/nav_ws/install/sam_bot_description/share/sam_bot_description/environment/ament_prefix_path.dsv
[0.392s] -- Up-to-date: /home/vfran/nav_ws/install/sam_bot_description/share/sam_bot_description/environment/path.sh
[0.392s] -- Installing: /home/vfran/nav_ws/install/sam_bot_description/share/sam_bot_description/environment/path.dsv
[0.393s] -- Up-to-date: /home/vfran/nav_ws/install/sam_bot_description/share/sam_bot_description/local_setup.bash
[0.393s] -- Up-to-date: /home/vfran/nav_ws/install/sam_bot_description/share/sam_bot_description/local_setup.sh
[0.393s] -- Up-to-date: /home/vfran/nav_ws/install/sam_bot_description/share/sam_bot_description/local_setup.zsh
[0.393s] -- Installing: /home/vfran/nav_ws/install/sam_bot_description/share/sam_bot_description/local_setup.dsv
[0.393s] -- Installing: /home/vfran/nav_ws/install/sam_bot_description/share/sam_bot_description/package.dsv
[0.393s] -- Up-to-date: /home/vfran/nav_ws/install/sam_bot_description/share/ament_index/resource_index/packages/sam_bot_description
[0.393s] -- Up-to-date: /home/vfran/nav_ws/install/sam_bot_description/share/sam_bot_description/cmake/sam_bot_descriptionConfig.cmake
[0.394s] -- Up-to-date: /home/vfran/nav_ws/install/sam_bot_description/share/sam_bot_description/cmake/sam_bot_descriptionConfig-version.cmake
[0.394s] -- Up-to-date: /home/vfran/nav_ws/install/sam_bot_description/share/sam_bot_description/package.xml
[0.397s] Invoked command in '/home/vfran/nav_ws/build/sam_bot_description' returned '0': CMAKE_PREFIX_PATH=${CMAKE_PREFIX_PATH}:/opt/ros/humble /usr/local/bin/cmake --install /home/vfran/nav_ws/build/sam_bot_description
