[0.016s] Invoking command in '/home/vfran/nav_ws/build/sam_bot_description': CMAKE_PREFIX_PATH=/opt/ros/humble /usr/local/bin/cmake /home/vfran/nav_ws/src/sam_bot_description -DCMAKE_INSTALL_PREFIX=/home/vfran/nav_ws/install/sam_bot_description
[0.161s] -- The C compiler identification is GNU 11.4.0
[0.287s] -- The CXX compiler identification is GNU 11.4.0
[0.302s] -- Detecting C compiler ABI info
[0.404s] -- Detecting C compiler ABI info - done
[0.414s] -- Check for working C compiler: /usr/bin/cc - skipped
[0.414s] -- Detecting C compile features
[0.415s] -- Detecting C compile features - done
[0.420s] -- Detecting CXX compiler ABI info
[0.531s] -- Detecting CXX compiler ABI info - done
[0.542s] -- Check for working CXX compiler: /usr/bin/c++ - skipped
[0.542s] -- Detecting CXX compile features
[0.543s] -- Detecting CXX compile features - done
[0.552s] -- Found ament_cmake: 1.3.10 (/opt/ros/humble/share/ament_cmake/cmake)
[0.714s] -- Found Python3: /usr/bin/python3 (found version "3.10.12") found components: Interpreter 
[0.857s] -- Found ament_lint_auto: 0.12.11 (/opt/ros/humble/share/ament_lint_auto/cmake)
[0.984s] -- Added test 'flake8' to check Python code syntax and style conventions
[0.985s] -- Added test 'lint_cmake' to check CMake code style
[0.986s] -- Added test 'pep257' to check Python code against some of the docstring style conventions in PEP 257
[0.988s] -- Added test 'xmllint' to check XML markup files
[0.990s] -- Configuring done
[0.996s] -- Generating done
[0.997s] -- Build files have been written to: /home/vfran/nav_ws/build/sam_bot_description
[1.004s] Invoked command in '/home/vfran/nav_ws/build/sam_bot_description' returned '0': CMAKE_PREFIX_PATH=/opt/ros/humble /usr/local/bin/cmake /home/vfran/nav_ws/src/sam_bot_description -DCMAKE_INSTALL_PREFIX=/home/vfran/nav_ws/install/sam_bot_description
[1.007s] Invoking command in '/home/vfran/nav_ws/build/sam_bot_description': CMAKE_PREFIX_PATH=/opt/ros/humble /usr/local/bin/cmake --build /home/vfran/nav_ws/build/sam_bot_description -- -j16 -l16
[1.043s] Invoked command in '/home/vfran/nav_ws/build/sam_bot_description' returned '0': CMAKE_PREFIX_PATH=/opt/ros/humble /usr/local/bin/cmake --build /home/vfran/nav_ws/build/sam_bot_description -- -j16 -l16
[1.086s] Invoking command in '/home/vfran/nav_ws/build/sam_bot_description': CMAKE_PREFIX_PATH=/opt/ros/humble /usr/local/bin/cmake --install /home/vfran/nav_ws/build/sam_bot_description
[1.091s] -- Install configuration: ""
[1.091s] -- Installing: /home/vfran/nav_ws/install/sam_bot_description/share/sam_bot_description/src
[1.091s] -- Installing: /home/vfran/nav_ws/install/sam_bot_description/share/sam_bot_description/src/description
[1.092s] -- Installing: /home/vfran/nav_ws/install/sam_bot_description/share/sam_bot_description/src/description/sam_bot_description.urdf
[1.092s] -- Installing: /home/vfran/nav_ws/install/sam_bot_description/share/sam_bot_description/launch
[1.092s] -- Installing: /home/vfran/nav_ws/install/sam_bot_description/share/sam_bot_description/launch/display.launch.py
[1.092s] -- Installing: /home/vfran/nav_ws/install/sam_bot_description/share/sam_bot_description/rviz
[1.092s] -- Installing: /home/vfran/nav_ws/install/sam_bot_description/share/sam_bot_description/rviz/urdf_config.rviz
[1.092s] -- Installing: /home/vfran/nav_ws/install/sam_bot_description/share/ament_index/resource_index/package_run_dependencies/sam_bot_description
[1.093s] -- Installing: /home/vfran/nav_ws/install/sam_bot_description/share/ament_index/resource_index/parent_prefix_path/sam_bot_description
[1.093s] -- Installing: /home/vfran/nav_ws/install/sam_bot_description/share/sam_bot_description/environment/ament_prefix_path.sh
[1.093s] -- Installing: /home/vfran/nav_ws/install/sam_bot_description/share/sam_bot_description/environment/ament_prefix_path.dsv
[1.093s] -- Installing: /home/vfran/nav_ws/install/sam_bot_description/share/sam_bot_description/environment/path.sh
[1.094s] -- Installing: /home/vfran/nav_ws/install/sam_bot_description/share/sam_bot_description/environment/path.dsv
[1.094s] -- Installing: /home/vfran/nav_ws/install/sam_bot_description/share/sam_bot_description/local_setup.bash
[1.094s] -- Installing: /home/vfran/nav_ws/install/sam_bot_description/share/sam_bot_description/local_setup.sh
[1.094s] -- Installing: /home/vfran/nav_ws/install/sam_bot_description/share/sam_bot_description/local_setup.zsh
[1.094s] -- Installing: /home/vfran/nav_ws/install/sam_bot_description/share/sam_bot_description/local_setup.dsv
[1.094s] -- Installing: /home/vfran/nav_ws/install/sam_bot_description/share/sam_bot_description/package.dsv
[1.095s] -- Installing: /home/vfran/nav_ws/install/sam_bot_description/share/ament_index/resource_index/packages/sam_bot_description
[1.095s] -- Installing: /home/vfran/nav_ws/install/sam_bot_description/share/sam_bot_description/cmake/sam_bot_descriptionConfig.cmake
[1.095s] -- Installing: /home/vfran/nav_ws/install/sam_bot_description/share/sam_bot_description/cmake/sam_bot_descriptionConfig-version.cmake
[1.096s] -- Installing: /home/vfran/nav_ws/install/sam_bot_description/share/sam_bot_description/package.xml
[1.099s] Invoked command in '/home/vfran/nav_ws/build/sam_bot_description' returned '0': CMAKE_PREFIX_PATH=/opt/ros/humble /usr/local/bin/cmake --install /home/vfran/nav_ws/build/sam_bot_description
