[0.018s] Invoking command in '/home/vfran/nav_ws/build/sam_bot_description': CMAKE_PREFIX_PATH=/opt/ros/humble /usr/local/bin/cmake --build /home/vfran/nav_ws/build/sam_bot_description -- -j16 -l16
[0.053s] Invoked command in '/home/vfran/nav_ws/build/sam_bot_description' returned '0': CMAKE_PREFIX_PATH=/opt/ros/humble /usr/local/bin/cmake --build /home/vfran/nav_ws/build/sam_bot_description -- -j16 -l16
[0.093s] Invoking command in '/home/vfran/nav_ws/build/sam_bot_description': CMAKE_PREFIX_PATH=/opt/ros/humble /usr/local/bin/cmake --install /home/vfran/nav_ws/build/sam_bot_description
[0.098s] -- Install configuration: ""
[0.098s] -- Up-to-date: /home/vfran/nav_ws/install/sam_bot_description/share/sam_bot_description/src
[0.098s] -- Up-to-date: /home/vfran/nav_ws/install/sam_bot_description/share/sam_bot_description/src/description
[0.098s] -- Up-to-date: /home/vfran/nav_ws/install/sam_bot_description/share/sam_bot_description/src/description/sam_bot_description.urdf
[0.098s] -- Up-to-date: /home/vfran/nav_ws/install/sam_bot_description/share/sam_bot_description/launch
[0.098s] -- Up-to-date: /home/vfran/nav_ws/install/sam_bot_description/share/sam_bot_description/launch/display.launch.py
[0.098s] -- Up-to-date: /home/vfran/nav_ws/install/sam_bot_description/share/sam_bot_description/rviz
[0.099s] -- Up-to-date: /home/vfran/nav_ws/install/sam_bot_description/share/sam_bot_description/rviz/urdf_config.rviz
[0.099s] -- Up-to-date: /home/vfran/nav_ws/install/sam_bot_description/share/ament_index/resource_index/package_run_dependencies/sam_bot_description
[0.099s] -- Up-to-date: /home/vfran/nav_ws/install/sam_bot_description/share/ament_index/resource_index/parent_prefix_path/sam_bot_description
[0.099s] -- Up-to-date: /home/vfran/nav_ws/install/sam_bot_description/share/sam_bot_description/environment/ament_prefix_path.sh
[0.099s] -- Up-to-date: /home/vfran/nav_ws/install/sam_bot_description/share/sam_bot_description/environment/ament_prefix_path.dsv
[0.099s] -- Up-to-date: /home/vfran/nav_ws/install/sam_bot_description/share/sam_bot_description/environment/path.sh
[0.099s] -- Up-to-date: /home/vfran/nav_ws/install/sam_bot_description/share/sam_bot_description/environment/path.dsv
[0.099s] -- Up-to-date: /home/vfran/nav_ws/install/sam_bot_description/share/sam_bot_description/local_setup.bash
[0.099s] -- Up-to-date: /home/vfran/nav_ws/install/sam_bot_description/share/sam_bot_description/local_setup.sh
[0.099s] -- Up-to-date: /home/vfran/nav_ws/install/sam_bot_description/share/sam_bot_description/local_setup.zsh
[0.099s] -- Up-to-date: /home/vfran/nav_ws/install/sam_bot_description/share/sam_bot_description/local_setup.dsv
[0.099s] -- Up-to-date: /home/vfran/nav_ws/install/sam_bot_description/share/sam_bot_description/package.dsv
[0.099s] -- Up-to-date: /home/vfran/nav_ws/install/sam_bot_description/share/ament_index/resource_index/packages/sam_bot_description
[0.100s] -- Up-to-date: /home/vfran/nav_ws/install/sam_bot_description/share/sam_bot_description/cmake/sam_bot_descriptionConfig.cmake
[0.100s] -- Up-to-date: /home/vfran/nav_ws/install/sam_bot_description/share/sam_bot_description/cmake/sam_bot_descriptionConfig-version.cmake
[0.100s] -- Up-to-date: /home/vfran/nav_ws/install/sam_bot_description/share/sam_bot_description/package.xml
[0.101s] Invoked command in '/home/vfran/nav_ws/build/sam_bot_description' returned '0': CMAKE_PREFIX_PATH=/opt/ros/humble /usr/local/bin/cmake --install /home/vfran/nav_ws/build/sam_bot_description
