[0.018s] Invoking command in '/home/vfran/nav_ws/build/sam_bot_description': CMAKE_PREFIX_PATH=${CMAKE_PREFIX_PATH}:/opt/ros/humble /usr/local/bin/cmake --build /home/vfran/nav_ws/build/sam_bot_description -- -j16 -l16
[0.047s] Invoked command in '/home/vfran/nav_ws/build/sam_bot_description' returned '0': CMAKE_PREFIX_PATH=${CMAKE_PREFIX_PATH}:/opt/ros/humble /usr/local/bin/cmake --build /home/vfran/nav_ws/build/sam_bot_description -- -j16 -l16
[0.084s] Invoking command in '/home/vfran/nav_ws/build/sam_bot_description': CMAKE_PREFIX_PATH=${CMAKE_PREFIX_PATH}:/opt/ros/humble /usr/local/bin/cmake --install /home/vfran/nav_ws/build/sam_bot_description
[0.090s] -- Install configuration: ""
[0.091s] -- Up-to-date: /home/vfran/nav_ws/install/sam_bot_description/share/sam_bot_description/description
[0.091s] -- Installing: /home/vfran/nav_ws/install/sam_bot_description/share/sam_bot_description/description/sam_bot_description.urdf
[0.091s] -- Up-to-date: /home/vfran/nav_ws/install/sam_bot_description/share/sam_bot_description/launch
[0.092s] -- Up-to-date: /home/vfran/nav_ws/install/sam_bot_description/share/sam_bot_description/launch/display.launch.py
[0.092s] -- Up-to-date: /home/vfran/nav_ws/install/sam_bot_description/share/sam_bot_description/launch/launch_sim.launch.py
[0.092s] -- Up-to-date: /home/vfran/nav_ws/install/sam_bot_description/share/sam_bot_description/rviz
[0.092s] -- Up-to-date: /home/vfran/nav_ws/install/sam_bot_description/share/sam_bot_description/rviz/urdf_config.rviz
[0.092s] -- Up-to-date: /home/vfran/nav_ws/install/sam_bot_description/share/sam_bot_description/config
[0.092s] -- Up-to-date: /home/vfran/nav_ws/install/sam_bot_description/share/sam_bot_description/config/mapper_params_online_async.yaml
[0.092s] -- Installing: /home/vfran/nav_ws/install/sam_bot_description/share/sam_bot_description/config/ekf.yaml
[0.092s] -- Up-to-date: /home/vfran/nav_ws/install/sam_bot_description/share/sam_bot_description/world
[0.093s] -- Up-to-date: /home/vfran/nav_ws/install/sam_bot_description/share/sam_bot_description/world/my_world.sdf
[0.093s] -- Up-to-date: /home/vfran/nav_ws/install/sam_bot_description/share/ament_index/resource_index/package_run_dependencies/sam_bot_description
[0.093s] -- Up-to-date: /home/vfran/nav_ws/install/sam_bot_description/share/ament_index/resource_index/parent_prefix_path/sam_bot_description
[0.093s] -- Up-to-date: /home/vfran/nav_ws/install/sam_bot_description/share/sam_bot_description/environment/ament_prefix_path.sh
[0.093s] -- Up-to-date: /home/vfran/nav_ws/install/sam_bot_description/share/sam_bot_description/environment/ament_prefix_path.dsv
[0.093s] -- Up-to-date: /home/vfran/nav_ws/install/sam_bot_description/share/sam_bot_description/environment/path.sh
[0.093s] -- Up-to-date: /home/vfran/nav_ws/install/sam_bot_description/share/sam_bot_description/environment/path.dsv
[0.093s] -- Up-to-date: /home/vfran/nav_ws/install/sam_bot_description/share/sam_bot_description/local_setup.bash
[0.093s] -- Up-to-date: /home/vfran/nav_ws/install/sam_bot_description/share/sam_bot_description/local_setup.sh
[0.093s] -- Up-to-date: /home/vfran/nav_ws/install/sam_bot_description/share/sam_bot_description/local_setup.zsh
[0.093s] -- Up-to-date: /home/vfran/nav_ws/install/sam_bot_description/share/sam_bot_description/local_setup.dsv
[0.094s] -- Installing: /home/vfran/nav_ws/install/sam_bot_description/share/sam_bot_description/package.dsv
[0.094s] -- Up-to-date: /home/vfran/nav_ws/install/sam_bot_description/share/ament_index/resource_index/packages/sam_bot_description
[0.094s] -- Up-to-date: /home/vfran/nav_ws/install/sam_bot_description/share/sam_bot_description/cmake/sam_bot_descriptionConfig.cmake
[0.094s] -- Up-to-date: /home/vfran/nav_ws/install/sam_bot_description/share/sam_bot_description/cmake/sam_bot_descriptionConfig-version.cmake
[0.094s] -- Up-to-date: /home/vfran/nav_ws/install/sam_bot_description/share/sam_bot_description/package.xml
[0.096s] Invoked command in '/home/vfran/nav_ws/build/sam_bot_description' returned '0': CMAKE_PREFIX_PATH=${CMAKE_PREFIX_PATH}:/opt/ros/humble /usr/local/bin/cmake --install /home/vfran/nav_ws/build/sam_bot_description
