[0.020s] Invoking command in '/home/vfran/nav_ws/build/sam_bot_description': CMAKE_PREFIX_PATH=/opt/ros/humble /usr/local/bin/cmake --build /home/vfran/nav_ws/build/sam_bot_description -- -j16 -l16
[0.061s] Invoked command in '/home/vfran/nav_ws/build/sam_bot_description' returned '0': CMAKE_PREFIX_PATH=/opt/ros/humble /usr/local/bin/cmake --build /home/vfran/nav_ws/build/sam_bot_description -- -j16 -l16
[0.102s] Invoking command in '/home/vfran/nav_ws/build/sam_bot_description': CMAKE_PREFIX_PATH=/opt/ros/humble /usr/local/bin/cmake --install /home/vfran/nav_ws/build/sam_bot_description
[0.107s] -- Install configuration: ""
[0.107s] -- Up-to-date: /home/vfran/nav_ws/install/sam_bot_description/share/sam_bot_description/src
[0.107s] -- Up-to-date: /home/vfran/nav_ws/install/sam_bot_description/share/sam_bot_description/src/description
[0.108s] -- Installing: /home/vfran/nav_ws/install/sam_bot_description/share/sam_bot_description/src/description/inertial_macros.xacro
[0.108s] -- Installing: /home/vfran/nav_ws/install/sam_bot_description/share/sam_bot_description/src/description/gazebo_control.xacro
[0.108s] -- Installing: /home/vfran/nav_ws/install/sam_bot_description/share/sam_bot_description/src/description/sam_bot_description.urdf
[0.108s] -- Installing: /home/vfran/nav_ws/install/sam_bot_description/share/sam_bot_description/src/description/robot.urdf.xacro
[0.108s] -- Installing: /home/vfran/nav_ws/install/sam_bot_description/share/sam_bot_description/src/description/camera.xacro
[0.108s] -- Installing: /home/vfran/nav_ws/install/sam_bot_description/share/sam_bot_description/src/description/lidar.xacro
[0.108s] -- Installing: /home/vfran/nav_ws/install/sam_bot_description/share/sam_bot_description/src/description/robot_core.xacro
[0.109s] -- Up-to-date: /home/vfran/nav_ws/install/sam_bot_description/share/sam_bot_description/launch
[0.109s] -- Installing: /home/vfran/nav_ws/install/sam_bot_description/share/sam_bot_description/launch/display.launch.py
[0.109s] -- Up-to-date: /home/vfran/nav_ws/install/sam_bot_description/share/sam_bot_description/rviz
[0.109s] -- Up-to-date: /home/vfran/nav_ws/install/sam_bot_description/share/sam_bot_description/rviz/urdf_config.rviz
[0.109s] -- Up-to-date: /home/vfran/nav_ws/install/sam_bot_description/share/sam_bot_description/config
[0.109s] -- Up-to-date: /home/vfran/nav_ws/install/sam_bot_description/share/sam_bot_description/config/nav2_params.yaml
[0.110s] -- Up-to-date: /home/vfran/nav_ws/install/sam_bot_description/share/sam_bot_description/config/ekf.yaml
[0.110s] -- Up-to-date: /home/vfran/nav_ws/install/sam_bot_description/share/sam_bot_description/world
[0.110s] -- Up-to-date: /home/vfran/nav_ws/install/sam_bot_description/share/sam_bot_description/world/my_world.sdf
[0.110s] -- Up-to-date: /home/vfran/nav_ws/install/sam_bot_description/share/ament_index/resource_index/package_run_dependencies/sam_bot_description
[0.110s] -- Up-to-date: /home/vfran/nav_ws/install/sam_bot_description/share/ament_index/resource_index/parent_prefix_path/sam_bot_description
[0.110s] -- Up-to-date: /home/vfran/nav_ws/install/sam_bot_description/share/sam_bot_description/environment/ament_prefix_path.sh
[0.111s] -- Up-to-date: /home/vfran/nav_ws/install/sam_bot_description/share/sam_bot_description/environment/ament_prefix_path.dsv
[0.111s] -- Up-to-date: /home/vfran/nav_ws/install/sam_bot_description/share/sam_bot_description/environment/path.sh
[0.111s] -- Up-to-date: /home/vfran/nav_ws/install/sam_bot_description/share/sam_bot_description/environment/path.dsv
[0.111s] -- Up-to-date: /home/vfran/nav_ws/install/sam_bot_description/share/sam_bot_description/local_setup.bash
[0.111s] -- Up-to-date: /home/vfran/nav_ws/install/sam_bot_description/share/sam_bot_description/local_setup.sh
[0.111s] -- Up-to-date: /home/vfran/nav_ws/install/sam_bot_description/share/sam_bot_description/local_setup.zsh
[0.111s] -- Up-to-date: /home/vfran/nav_ws/install/sam_bot_description/share/sam_bot_description/local_setup.dsv
[0.111s] -- Installing: /home/vfran/nav_ws/install/sam_bot_description/share/sam_bot_description/package.dsv
[0.111s] -- Up-to-date: /home/vfran/nav_ws/install/sam_bot_description/share/ament_index/resource_index/packages/sam_bot_description
[0.111s] -- Up-to-date: /home/vfran/nav_ws/install/sam_bot_description/share/sam_bot_description/cmake/sam_bot_descriptionConfig.cmake
[0.111s] -- Up-to-date: /home/vfran/nav_ws/install/sam_bot_description/share/sam_bot_description/cmake/sam_bot_descriptionConfig-version.cmake
[0.112s] -- Up-to-date: /home/vfran/nav_ws/install/sam_bot_description/share/sam_bot_description/package.xml
[0.114s] Invoked command in '/home/vfran/nav_ws/build/sam_bot_description' returned '0': CMAKE_PREFIX_PATH=/opt/ros/humble /usr/local/bin/cmake --install /home/vfran/nav_ws/build/sam_bot_description
